12/28/2019 6:52:12 PM | 
12/28/2019 6:52:12 PM | 
Message : This name already exists on the page.
12/28/2019 6:52:12 PM | 
Please use another name.
12/28/2019 6:52:12 PM | 
LastTrace : openElement.WebElement.Elements.ElementBase.set_Name(String value)
12/28/2019 6:52:12 PM | 
Params : 
12/28/2019 6:52:12 PM | 
MethodeName : Void set_Name(System.String)
12/28/2019 6:52:12 PM | 
Stamp : 12/28/2019 6:52:12 PM
12/28/2019 6:52:12 PM | 
OSFullName : Microsoft Windows 8.1 with Bing
12/28/2019 6:52:12 PM | 
AvailablePhysicalMemory : 468.86 Mo 
12/28/2019 6:52:12 PM | 
TotalPhysicalMemory : 1.89 Go 
12/28/2019 6:52:12 PM | 
AvailableVirtualMemory : 3.08 Go 
12/28/2019 6:52:12 PM | 
TotalVirtualMemory : 4 Go 
12/28/2019 6:52:12 PM | 
WorkingSet : 241.97 Mo 
12/28/2019 6:52:12 PM | 
PagedMemorySize : 346.88 Mo 
12/28/2019 6:52:12 PM | 
TotalMemory : 53.26 Mo 
12/28/2019 6:52:12 PM | 

12/28/2019 6:52:12 PM | 
ExTrace : 
12/28/2019 6:52:12 PM | 
at openElement.WebElement.Elements.ElementBase.set_Name(String value) in C:\Users\Win7Dev64\Source\Workspaces\openElement\App\openElement\WebElement\Elements\ElementBase.vb:line 971
12/28/2019 6:52:12 PM | 
at openElement.WebElement.Editors.Form.FrmNewScriptBlock.Save() in C:\Users\Win7Dev64\Source\Workspaces\openElement\App\openElement\WebElement\Editors\Form\FrmNewScriptBlock.vb:line 70
12/28/2019 6:52:12 PM | 
at openElement.WebElement.Editors.Form.FrmNewScriptBlock.SBOK_Click(Object sender, EventArgs e) in C:\Users\Win7Dev64\Source\Workspaces\openElement\App\openElement\WebElement\Editors\Form\FrmNewScriptBlock.vb:line 87
12/28/2019 6:52:12 PM | 

12/28/2019 6:52:12 PM | 
OETrace : 
12/28/2019 6:52:12 PM | 
at openElement.My.MyApplication.MyApplication_UnhandledException(Object sender, UnhandledExceptionEventArgs e) in C:\Users\Win7Dev64\Source\Workspaces\openElement\App\openElement\ApplicationEvents.vb:line 93
12/28/2019 6:52:12 PM | 
at openElement.Controls.CtlCodePageEditor.AddNewBlock(EnuScriptType scriptType, EnuScriptPosition scriptPosition) in C:\Users\Win7Dev64\Source\Workspaces\openElement\App\openElement\Control\CtlCodePageEditor.vb:line 325
12/28/2019 6:52:12 PM | 
at openElement.Controls.CtlCodePageEditor.AddButton_Click(Object sender, ItemClickEventArgs e) in C:\Users\Win7Dev64\Source\Workspaces\openElement\App\openElement\Control\CtlCodePageEditor.vb:line 340
12/28/2019 6:52:12 PM | 
at openElement.My.MyApplication.Main(String[] Args) in :line 82
12/28/2019 6:52:12 PM | 

12/28/2019 6:52:12 PM | 
------------------
12/28/2019 6:52:16 PM | 
12/28/2019 6:52:16 PM | 
Message : This name already exists on the page.
12/28/2019 6:52:16 PM | 
Please use another name.
12/28/2019 6:52:16 PM | 
LastTrace : openElement.WebElement.Elements.ElementBase.set_Name(String value)
12/28/2019 6:52:16 PM | 
Params : 
12/28/2019 6:52:16 PM | 
MethodeName : Void set_Name(System.String)
12/28/2019 6:52:16 PM | 
Stamp : 12/28/2019 6:52:16 PM
12/28/2019 6:52:16 PM | 
OSFullName : Microsoft Windows 8.1 with Bing
12/28/2019 6:52:16 PM | 
AvailablePhysicalMemory : 459.84 Mo 
12/28/2019 6:52:16 PM | 
TotalPhysicalMemory : 1.89 Go 
12/28/2019 6:52:16 PM | 
AvailableVirtualMemory : 3.08 Go 
12/28/2019 6:52:16 PM | 
TotalVirtualMemory : 4 Go 
12/28/2019 6:52:16 PM | 
WorkingSet : 244.68 Mo 
12/28/2019 6:52:16 PM | 
PagedMemorySize : 347 Mo 
12/28/2019 6:52:16 PM | 
TotalMemory : 53.71 Mo 
12/28/2019 6:52:16 PM | 

12/28/2019 6:52:16 PM | 
ExTrace : 
12/28/2019 6:52:16 PM | 
at openElement.WebElement.Elements.ElementBase.set_Name(String value) in C:\Users\Win7Dev64\Source\Workspaces\openElement\App\openElement\WebElement\Elements\ElementBase.vb:line 971
12/28/2019 6:52:16 PM | 
at openElement.WebElement.Editors.Form.FrmNewScriptBlock.Save() in C:\Users\Win7Dev64\Source\Workspaces\openElement\App\openElement\WebElement\Editors\Form\FrmNewScriptBlock.vb:line 70
12/28/2019 6:52:16 PM | 
at openElement.WebElement.Editors.Form.FrmNewScriptBlock.SBOK_Click(Object sender, EventArgs e) in C:\Users\Win7Dev64\Source\Workspaces\openElement\App\openElement\WebElement\Editors\Form\FrmNewScriptBlock.vb:line 87
12/28/2019 6:52:16 PM | 

12/28/2019 6:52:16 PM | 
OETrace : 
12/28/2019 6:52:16 PM | 
at openElement.My.MyApplication.MyApplication_UnhandledException(Object sender, UnhandledExceptionEventArgs e) in C:\Users\Win7Dev64\Source\Workspaces\openElement\App\openElement\ApplicationEvents.vb:line 98
12/28/2019 6:52:16 PM | 
at openElement.Controls.CtlCodePageEditor.AddNewBlock(EnuScriptType scriptType, EnuScriptPosition scriptPosition) in C:\Users\Win7Dev64\Source\Workspaces\openElement\App\openElement\Control\CtlCodePageEditor.vb:line 325
12/28/2019 6:52:16 PM | 
at openElement.Controls.CtlCodePageEditor.AddButton_Click(Object sender, ItemClickEventArgs e) in C:\Users\Win7Dev64\Source\Workspaces\openElement\App\openElement\Control\CtlCodePageEditor.vb:line 340
12/28/2019 6:52:16 PM | 
at openElement.My.MyApplication.Main(String[] Args) in :line 82
12/28/2019 6:52:16 PM | 

12/28/2019 6:52:16 PM | 
------------------
